<?xml version="1.0" encoding="UTF-8"?>
<coverage generated="1482729080">
  <project timestamp="1482729080">
    <package name="MenaraSolutions\Geographer">
      <file name="/Users/duster/repos/geographer/src/City.php">
        <class name="City" namespace="MenaraSolutions\Geographer" fullPackage="MenaraSolutions" package="MenaraSolutions">
          <metrics complexity="0" methods="0" coveredmethods="0" conditionals="0" coveredconditionals="0" statements="0" coveredstatements="0" elements="0" coveredelements="0"/>
        </class>
        <metrics loc="32" ncloc="19" classes="0" methods="0" coveredmethods="0" conditionals="0" coveredconditionals="0" statements="0" coveredstatements="0" elements="0" coveredelements="0"/>
      </file>
      <file name="/Users/duster/repos/geographer/src/Country.php">
        <class name="Country" namespace="MenaraSolutions\Geographer" fullPackage="MenaraSolutions" package="MenaraSolutions">
          <metrics complexity="5" methods="3" coveredmethods="3" conditionals="0" coveredconditionals="0" statements="5" coveredstatements="5" elements="8" coveredelements="8"/>
        </class>
        <line num="46" type="method" name="getParentCode" visibility="public" complexity="1" crap="1" count="4"/>
        <line num="48" type="stmt" count="4"/>
        <line num="64" type="method" name="getStates" visibility="public" complexity="1" crap="1" count="4"/>
        <line num="66" type="stmt" count="4"/>
        <line num="72" type="method" name="build" visibility="public" complexity="2" crap="2" count="2"/>
        <line num="74" type="stmt" count="2"/>
        <line num="75" type="stmt" count="2"/>
        <line num="77" type="stmt" count="2"/>
        <metrics loc="78" ncloc="53" classes="1" methods="3" coveredmethods="3" conditionals="0" coveredconditionals="0" statements="5" coveredstatements="5" elements="8" coveredelements="8"/>
      </file>
      <file name="/Users/duster/repos/geographer/src/Divisible.php">
        <class name="Divisible" namespace="MenaraSolutions\Geographer" fullPackage="App" package="App">
          <metrics complexity="26" methods="13" coveredmethods="13" conditionals="0" coveredconditionals="0" statements="36" coveredstatements="36" elements="49" coveredelements="49"/>
        </class>
        <line num="72" type="method" name="__construct" visibility="public" complexity="2" crap="2" count="20"/>
        <line num="74" type="stmt" count="20"/>
        <line num="75" type="stmt" count="20"/>
        <line num="76" type="stmt" count="20"/>
        <line num="77" type="stmt" count="20"/>
        <line num="82" type="method" name="getMembers" visibility="public" complexity="2" crap="2" count="17"/>
        <line num="84" type="stmt" count="17"/>
        <line num="86" type="stmt" count="17"/>
        <line num="93" type="method" name="loadMembers" visibility="protected" complexity="5" crap="5" count="17"/>
        <line num="95" type="stmt" count="17"/>
        <line num="97" type="stmt" count="17"/>
        <line num="98" type="stmt" count="17"/>
        <line num="101" type="stmt" count="17"/>
        <line num="103" type="stmt" count="17"/>
        <line num="104" type="stmt" count="17"/>
        <line num="106" type="stmt" count="17"/>
        <line num="109" type="stmt" count="17"/>
        <line num="110" type="stmt" count="17"/>
        <line num="118" type="method" name="getName" visibility="public" complexity="3" crap="3" count="14"/>
        <line num="120" type="stmt" count="14"/>
        <line num="122" type="stmt" count="14"/>
        <line num="129" type="method" name="getShortName" visibility="public" complexity="1" crap="1" count="15"/>
        <line num="131" type="stmt" count="15"/>
        <line num="133" type="stmt" count="15"/>
        <line num="139" type="method" name="getLongName" visibility="public" complexity="1" crap="1" count="3"/>
        <line num="141" type="stmt" count="3"/>
        <line num="143" type="stmt" count="3"/>
        <line num="149" type="method" name="expectsLongNames" visibility="public" complexity="1" crap="1" count="16"/>
        <line num="151" type="stmt" count="16"/>
        <line num="157" type="method" name="parent" visibility="public" complexity="2" crap="2" count="2"/>
        <line num="159" type="stmt" count="2"/>
        <line num="160" type="stmt" count="2"/>
        <line num="163" type="stmt" count="2"/>
        <line num="169" type="method" name="getMeta" visibility="public" complexity="1" crap="1" count="14"/>
        <line num="171" type="stmt" count="14"/>
        <line num="177" type="method" name="getParentCode" visibility="public" complexity="1" crap="1" count="1"/>
        <line num="179" type="stmt" count="1"/>
        <line num="186" type="method" name="translate" visibility="public" complexity="2" crap="2" count="16"/>
        <line num="188" type="stmt" count="16"/>
        <line num="190" type="stmt" count="16"/>
        <line num="191" type="stmt" count="16"/>
        <line num="199" type="method" name="build" visibility="public" complexity="3" crap="3" count="4"/>
        <line num="201" type="stmt" count="4"/>
        <line num="202" type="stmt" count="4"/>
        <line num="203" type="stmt" count="4"/>
        <line num="204" type="stmt" count="4"/>
        <line num="206" type="stmt" count="4"/>
        <line num="212" type="method" name="getCodes" visibility="public" complexity="1" crap="1" count="4"/>
        <line num="214" type="stmt" count="4"/>
        <line num="217" type="stmt" count="4"/>
        <metrics loc="219" ncloc="139" classes="1" methods="13" coveredmethods="13" conditionals="0" coveredconditionals="0" statements="37" coveredstatements="37" elements="50" coveredelements="50"/>
      </file>
      <file name="/Users/duster/repos/geographer/src/Earth.php">
        <class name="Earth" namespace="MenaraSolutions\Geographer">
          <metrics complexity="15" methods="13" coveredmethods="12" conditionals="0" coveredconditionals="0" statements="21" coveredstatements="20" elements="34" coveredelements="32"/>
        </class>
        <line num="31" type="method" name="getCountries" visibility="public" complexity="1" crap="1" count="6"/>
        <line num="33" type="stmt" count="6"/>
        <line num="39" type="method" name="getShortName" visibility="public" complexity="1" crap="1" count="1"/>
        <line num="41" type="stmt" count="1"/>
        <line num="47" type="method" name="getLongName" visibility="public" complexity="1" crap="2" count="0"/>
        <line num="49" type="stmt" count="0"/>
        <line num="55" type="method" name="getCode" visibility="public" complexity="1" crap="1" count="17"/>
        <line num="57" type="stmt" count="17"/>
        <line num="63" type="method" name="getParentCode" visibility="public" complexity="1" crap="1" count="17"/>
        <line num="65" type="stmt" count="17"/>
        <line num="71" type="method" name="getAfrica" visibility="public" complexity="1" crap="1" count="1"/>
        <line num="73" type="stmt" count="1"/>
        <line num="75" type="stmt" count="1"/>
        <line num="81" type="method" name="getNorthAmerica" visibility="public" complexity="1" crap="1" count="1"/>
        <line num="83" type="stmt" count="1"/>
        <line num="85" type="stmt" count="1"/>
        <line num="91" type="method" name="getSouthAmerica" visibility="public" complexity="1" crap="1" count="1"/>
        <line num="93" type="stmt" count="1"/>
        <line num="95" type="stmt" count="1"/>
        <line num="101" type="method" name="getAsia" visibility="public" complexity="1" crap="1" count="1"/>
        <line num="103" type="stmt" count="1"/>
        <line num="105" type="stmt" count="1"/>
        <line num="111" type="method" name="getEurope" visibility="public" complexity="1" crap="1" count="1"/>
        <line num="113" type="stmt" count="1"/>
        <line num="115" type="stmt" count="1"/>
        <line num="121" type="method" name="getOceania" visibility="public" complexity="1" crap="1" count="1"/>
        <line num="123" type="stmt" count="1"/>
        <line num="125" type="stmt" count="1"/>
        <line num="133" type="method" name="anonymous function" complexity="1" crap="1" count="1"/>
        <line num="134" type="stmt" count="1"/>
        <line num="135" type="stmt" count="1"/>
        <line num="141" type="method" name="build" visibility="public" complexity="2" crap="2" count="1"/>
        <line num="143" type="stmt" count="1"/>
        <line num="144" type="stmt" count="1"/>
        <metrics loc="145" ncloc="97" classes="1" methods="13" coveredmethods="12" conditionals="0" coveredconditionals="0" statements="21" coveredstatements="20" elements="34" coveredelements="32"/>
      </file>
      <file name="/Users/duster/repos/geographer/src/State.php">
        <class name="State" namespace="MenaraSolutions\Geographer" fullPackage="MenaraSolutions" package="MenaraSolutions">
          <metrics complexity="1" methods="1" coveredmethods="1" conditionals="0" coveredconditionals="0" statements="1" coveredstatements="1" elements="2" coveredelements="2"/>
        </class>
        <line num="40" type="method" name="getCities" visibility="public" complexity="1" crap="1" count="1"/>
        <line num="42" type="stmt" count="1"/>
        <metrics loc="44" ncloc="25" classes="1" methods="1" coveredmethods="1" conditionals="0" coveredconditionals="0" statements="1" coveredstatements="1" elements="2" coveredelements="2"/>
      </file>
    </package>
    <package name="MenaraSolutions\Geographer\Collections">
      <file name="/Users/duster/repos/geographer/src/Collections/MemberCollection.php">
        <class name="MemberCollection" namespace="MenaraSolutions\Geographer\Collections" fullPackage="MenaraSolutions" package="MenaraSolutions">
          <metrics complexity="22" methods="10" coveredmethods="7" conditionals="0" coveredconditionals="0" statements="38" coveredstatements="35" elements="48" coveredelements="42"/>
        </class>
        <line num="34" type="method" name="__construct" visibility="public" complexity="1" crap="1" count="17"/>
        <line num="36" type="stmt" count="17"/>
        <line num="38" type="stmt" count="17"/>
        <line num="39" type="stmt" count="17"/>
        <line num="40" type="stmt" count="17"/>
        <line num="45" type="method" name="toArray" visibility="public" complexity="2" crap="2" count="2"/>
        <line num="47" type="stmt" count="2"/>
        <line num="49" type="stmt" count="2"/>
        <line num="50" type="stmt" count="2"/>
        <line num="53" type="stmt" count="2"/>
        <line num="59" type="method" name="first" visibility="public" complexity="1" crap="2" count="0"/>
        <line num="61" type="stmt" count="0"/>
        <line num="69" type="method" name="get" visibility="public" complexity="2" crap="2" count="9"/>
        <line num="71" type="stmt" count="9"/>
        <line num="73" type="stmt" count="9"/>
        <line num="81" type="method" name="add" visibility="public" complexity="1" crap="1" count="17"/>
        <line num="83" type="stmt" count="17"/>
        <line num="85" type="stmt" count="17"/>
        <line num="94" type="method" name="filter" visibility="public" complexity="2" crap="2.15" count="2"/>
        <line num="96" type="stmt" count="2"/>
        <line num="97" type="stmt" count="2"/>
        <line num="100" type="stmt" count="0"/>
        <line num="108" type="method" name="match" visibility="private" complexity="4" crap="4" count="1"/>
        <line num="110" type="stmt" count="1"/>
        <line num="111" type="stmt" count="1"/>
        <line num="113" type="stmt" count="1"/>
        <line num="114" type="stmt" count="1"/>
        <line num="117" type="stmt" count="1"/>
        <line num="124" type="method" name="find" visibility="public" complexity="3" crap="3" count="1"/>
        <line num="126" type="stmt" count="1"/>
        <line num="128" type="stmt" count="1"/>
        <line num="129" type="stmt" count="1"/>
        <line num="130" type="stmt" count="1"/>
        <line num="134" type="stmt" count="1"/>
        <line num="141" type="method" name="findOne" visibility="public" complexity="2" crap="2.15" count="9"/>
        <line num="143" type="stmt" count="9"/>
        <line num="144" type="stmt" count="9"/>
        <line num="147" type="stmt" count="0"/>
        <line num="158" type="method" name="sortBy" visibility="public" complexity="4" crap="4" count="2"/>
        <line num="160" type="stmt" count="2"/>
        <line num="162" type="stmt" count="2"/>
        <line num="163" type="stmt" count="2"/>
        <line num="164" type="stmt" count="2"/>
        <line num="167" type="stmt" count="2"/>
        <line num="168" type="stmt" count="2"/>
        <line num="170" type="stmt" count="2"/>
        <line num="171" type="stmt" count="2"/>
        <line num="174" type="stmt" count="2"/>
        <metrics loc="176" ncloc="118" classes="1" methods="10" coveredmethods="7" conditionals="0" coveredconditionals="0" statements="38" coveredstatements="35" elements="48" coveredelements="42"/>
      </file>
    </package>
    <package name="MenaraSolutions\Geographer\Collections\Traits">
      <file name="/Users/duster/repos/geographer/src/Collections/Traits/ImplementsArray.php">
        <class name="ImplementsArray" namespace="MenaraSolutions\Geographer\Collections\Traits" fullPackage="MenaraSolutions" package="MenaraSolutions">
          <metrics complexity="8" methods="8" coveredmethods="2" conditionals="0" coveredconditionals="0" statements="11" coveredstatements="2" elements="19" coveredelements="4"/>
        </class>
        <line num="14" type="method" name="getIterator" visibility="public" complexity="1" crap="1" count="5"/>
        <line num="15" type="stmt" count="5"/>
        <line num="22" type="method" name="offsetExists" visibility="public" complexity="1" crap="2" count="0"/>
        <line num="24" type="stmt" count="0"/>
        <line num="31" type="method" name="offsetGet" visibility="public" complexity="1" crap="2" count="0"/>
        <line num="33" type="stmt" count="0"/>
        <line num="41" type="method" name="offsetSet" visibility="public" complexity="1" crap="2" count="0"/>
        <line num="43" type="stmt" count="0"/>
        <line num="44" type="stmt" count="0"/>
        <line num="50" type="method" name="offsetUnset" visibility="public" complexity="1" crap="2" count="0"/>
        <line num="52" type="stmt" count="0"/>
        <line num="53" type="stmt" count="0"/>
        <line num="58" type="method" name="count" visibility="public" complexity="1" crap="1" count="3"/>
        <line num="60" type="stmt" count="3"/>
        <line num="66" type="method" name="serialize" visibility="public" complexity="1" crap="2" count="0"/>
        <line num="68" type="stmt" count="0"/>
        <line num="74" type="method" name="unserialize" visibility="public" complexity="1" crap="2" count="0"/>
        <line num="76" type="stmt" count="0"/>
        <line num="77" type="stmt" count="0"/>
        <metrics loc="78" ncloc="45" classes="1" methods="8" coveredmethods="2" conditionals="0" coveredconditionals="0" statements="11" coveredstatements="2" elements="19" coveredelements="4"/>
      </file>
    </package>
    <file name="/Users/duster/repos/geographer/src/Contracts/IdentifiableInterface.php">
      <metrics loc="26" ncloc="11" classes="0" methods="0" coveredmethods="0" conditionals="0" coveredconditionals="0" statements="0" coveredstatements="0" elements="0" coveredelements="0"/>
    </file>
    <file name="/Users/duster/repos/geographer/src/Contracts/ManagerInterface.php">
      <metrics loc="94" ncloc="37" classes="0" methods="0" coveredmethods="0" conditionals="0" coveredconditionals="0" statements="0" coveredstatements="0" elements="0" coveredelements="0"/>
    </file>
    <file name="/Users/duster/repos/geographer/src/Contracts/MemberInterface.php">
      <metrics loc="14" ncloc="7" classes="0" methods="0" coveredmethods="0" conditionals="0" coveredconditionals="0" statements="0" coveredstatements="0" elements="0" coveredelements="0"/>
    </file>
    <file name="/Users/duster/repos/geographer/src/Contracts/PoliglottaInterface.php">
      <metrics loc="18" ncloc="8" classes="0" methods="0" coveredmethods="0" conditionals="0" coveredconditionals="0" statements="0" coveredstatements="0" elements="0" coveredelements="0"/>
    </file>
    <file name="/Users/duster/repos/geographer/src/Contracts/RepositoryInterface.php">
      <metrics loc="30" ncloc="11" classes="0" methods="0" coveredmethods="0" conditionals="0" coveredconditionals="0" statements="0" coveredstatements="0" elements="0" coveredelements="0"/>
    </file>
    <file name="/Users/duster/repos/geographer/src/Contracts/TranslationAgencyInterface.php">
      <metrics loc="48" ncloc="19" classes="0" methods="0" coveredmethods="0" conditionals="0" coveredconditionals="0" statements="0" coveredstatements="0" elements="0" coveredelements="0"/>
    </file>
    <package name="MenaraSolutions\Geographer\Exceptions">
      <file name="/Users/duster/repos/geographer/src/Exceptions/FileNotFoundException.php">
        <class name="FileNotFoundException" namespace="MenaraSolutions\Geographer\Exceptions" fullPackage="MenaraSolutions" package="MenaraSolutions">
          <metrics complexity="0" methods="0" coveredmethods="0" conditionals="0" coveredconditionals="0" statements="0" coveredstatements="0" elements="0" coveredelements="0"/>
        </class>
        <metrics loc="11" ncloc="7" classes="0" methods="0" coveredmethods="0" conditionals="0" coveredconditionals="0" statements="0" coveredstatements="0" elements="0" coveredelements="0"/>
      </file>
      <file name="/Users/duster/repos/geographer/src/Exceptions/MisconfigurationException.php">
        <class name="MisconfigurationException" namespace="MenaraSolutions\Geographer\Exceptions" fullPackage="MenaraSolutions" package="MenaraSolutions">
          <metrics complexity="0" methods="0" coveredmethods="0" conditionals="0" coveredconditionals="0" statements="0" coveredstatements="0" elements="0" coveredelements="0"/>
        </class>
        <metrics loc="10" ncloc="6" classes="0" methods="0" coveredmethods="0" conditionals="0" coveredconditionals="0" statements="0" coveredstatements="0" elements="0" coveredelements="0"/>
      </file>
      <file name="/Users/duster/repos/geographer/src/Exceptions/ObjectNotFoundException.php">
        <class name="ObjectNotFoundException" namespace="MenaraSolutions\Geographer\Exceptions" fullPackage="MenaraSolutions" package="MenaraSolutions">
          <metrics complexity="0" methods="0" coveredmethods="0" conditionals="0" coveredconditionals="0" statements="0" coveredstatements="0" elements="0" coveredelements="0"/>
        </class>
        <metrics loc="11" ncloc="7" classes="0" methods="0" coveredmethods="0" conditionals="0" coveredconditionals="0" statements="0" coveredstatements="0" elements="0" coveredelements="0"/>
      </file>
      <file name="/Users/duster/repos/geographer/src/Exceptions/UnknownFieldException.php">
        <class name="UnknownFieldException" namespace="MenaraSolutions\Geographer\Exceptions" fullPackage="MenaraSolutions" package="MenaraSolutions">
          <metrics complexity="0" methods="0" coveredmethods="0" conditionals="0" coveredconditionals="0" statements="0" coveredstatements="0" elements="0" coveredelements="0"/>
        </class>
        <metrics loc="11" ncloc="7" classes="0" methods="0" coveredmethods="0" conditionals="0" coveredconditionals="0" statements="0" coveredstatements="0" elements="0" coveredelements="0"/>
      </file>
    </package>
    <package name="MenaraSolutions\Geographer\Repositories">
      <file name="/Users/duster/repos/geographer/src/Repositories/File.php">
        <class name="File" namespace="MenaraSolutions\Geographer\Repositories">
          <metrics complexity="38" methods="14" coveredmethods="9" conditionals="0" coveredconditionals="0" statements="57" coveredstatements="49" elements="71" coveredelements="58"/>
        </class>
        <line num="59" type="method" name="__construct" visibility="public" complexity="3" crap="3" count="20"/>
        <line num="61" type="stmt" count="20"/>
        <line num="62" type="stmt" count="20"/>
        <line num="63" type="stmt" count="20"/>
        <line num="69" type="method" name="getDefaultPath" visibility="private" complexity="2" crap="2" count="20"/>
        <line num="71" type="stmt" count="20"/>
        <line num="73" type="stmt" count="20"/>
        <line num="83" type="method" name="getPath" visibility="public" complexity="2" crap="2" count="20"/>
        <line num="85" type="stmt" count="20"/>
        <line num="87" type="stmt" count="20"/>
        <line num="93" type="method" name="getTranslationsPrefix" visibility="public" complexity="1" crap="1" count="4"/>
        <line num="95" type="stmt" count="4"/>
        <line num="102" type="method" name="setTranslationsPrefix" visibility="public" complexity="1" crap="2" count="0"/>
        <line num="104" type="stmt" count="0"/>
        <line num="106" type="stmt" count="0"/>
        <line num="112" type="method" name="guessTranslationsPrefix" visibility="public" complexity="2" crap="2.15" count="20"/>
        <line num="114" type="stmt" count="20"/>
        <line num="115" type="stmt" count="20"/>
        <line num="118" type="stmt" count="0"/>
        <line num="126" type="method" name="getTranslationsPath" visibility="public" complexity="2" crap="2.09" count="4"/>
        <line num="128" type="stmt" count="4"/>
        <line num="129" type="stmt" count="4"/>
        <line num="130" type="stmt" count="4"/>
        <line num="132" type="stmt" count="4"/>
        <line num="133" type="stmt" count="0"/>
        <line num="134" type="stmt" count="0"/>
        <line num="137" type="stmt" count="4"/>
        <line num="143" type="method" name="setPrefix" visibility="public" complexity="1" crap="2" count="0"/>
        <line num="145" type="stmt" count="0"/>
        <line num="146" type="stmt" count="0"/>
        <line num="153" type="method" name="getData" visibility="public" complexity="6" crap="6" count="17"/>
        <line num="155" type="stmt" count="17"/>
        <line num="158" type="stmt" count="17"/>
        <line num="159" type="stmt" count="4"/>
        <line num="161" type="stmt" count="4"/>
        <line num="165" type="stmt" count="17"/>
        <line num="166" type="stmt" count="1"/>
        <line num="167" type="stmt" count="1"/>
        <line num="171" type="stmt" count="17"/>
        <line num="180" type="method" name="getCodeFromIndex" visibility="protected" complexity="4" crap="4" count="4"/>
        <line num="182" type="stmt" count="4"/>
        <line num="183" type="stmt" count="2"/>
        <line num="186" type="stmt" count="2"/>
        <line num="187" type="stmt" count="2"/>
        <line num="190" type="stmt" count="2"/>
        <line num="192" type="stmt" count="2"/>
        <line num="201" type="method" name="indexSearch" visibility="public" complexity="5" crap="5.05" count="4"/>
        <line num="203" type="stmt" count="4"/>
        <line num="205" type="stmt" count="4"/>
        <line num="206" type="stmt" count="4"/>
        <line num="208" type="stmt" count="4"/>
        <line num="209" type="stmt" count="4"/>
        <line num="212" type="stmt" count="4"/>
        <line num="213" type="stmt" count="4"/>
        <line num="216" type="stmt" count="0"/>
        <line num="226" type="method" name="loadJson" visibility="public" complexity="3" crap="3" count="20"/>
        <line num="228" type="stmt" count="20"/>
        <line num="229" type="stmt" count="20"/>
        <line num="230" type="stmt" count="20"/>
        <line num="232" type="stmt" count="20"/>
        <line num="240" type="method" name="getTranslations" visibility="public" complexity="4" crap="4" count="4"/>
        <line num="242" type="stmt" count="4"/>
        <line num="243" type="stmt" count="4"/>
        <line num="245" type="stmt" count="4"/>
        <line num="246" type="stmt" count="4"/>
        <line num="249" type="stmt" count="1"/>
        <line num="256" type="method" name="loadTranslations" visibility="protected" complexity="2" crap="2" count="4"/>
        <line num="258" type="stmt" count="4"/>
        <line num="260" type="stmt" count="4"/>
        <line num="261" type="stmt" count="4"/>
        <line num="263" type="stmt" count="4"/>
        <metrics loc="264" ncloc="172" classes="1" methods="14" coveredmethods="9" conditionals="0" coveredconditionals="0" statements="57" coveredstatements="49" elements="71" coveredelements="58"/>
      </file>
      <file name="/Users/duster/repos/geographer/src/Repositories/Memcached.php">
        <class name="Memcached" namespace="MenaraSolutions\Geographer\Repositories">
          <metrics complexity="18" methods="6" coveredmethods="0" conditionals="0" coveredconditionals="0" statements="56" coveredstatements="0" elements="62" coveredelements="0"/>
        </class>
        <line num="29" type="method" name="__construct" visibility="public" complexity="3" crap="12" count="0"/>
        <line num="30" type="stmt" count="0"/>
        <line num="31" type="stmt" count="0"/>
        <line num="33" type="stmt" count="0"/>
        <line num="34" type="stmt" count="0"/>
        <line num="35" type="stmt" count="0"/>
        <line num="37" type="stmt" count="0"/>
        <line num="38" type="stmt" count="0"/>
        <line num="39" type="stmt" count="0"/>
        <line num="40" type="stmt" count="0"/>
        <line num="42" type="stmt" count="0"/>
        <line num="43" type="stmt" count="0"/>
        <line num="50" type="method" name="getData" visibility="public" complexity="2" crap="6" count="0"/>
        <line num="51" type="stmt" count="0"/>
        <line num="52" type="stmt" count="0"/>
        <line num="53" type="stmt" count="0"/>
        <line num="55" type="stmt" count="0"/>
        <line num="56" type="stmt" count="0"/>
        <line num="57" type="stmt" count="0"/>
        <line num="59" type="stmt" count="0"/>
        <line num="60" type="stmt" count="0"/>
        <line num="68" type="method" name="getCodeFromIndex" visibility="protected" complexity="3" crap="12" count="0"/>
        <line num="69" type="stmt" count="0"/>
        <line num="70" type="stmt" count="0"/>
        <line num="72" type="stmt" count="0"/>
        <line num="73" type="stmt" count="0"/>
        <line num="74" type="stmt" count="0"/>
        <line num="75" type="stmt" count="0"/>
        <line num="77" type="stmt" count="0"/>
        <line num="79" type="stmt" count="0"/>
        <line num="80" type="stmt" count="0"/>
        <line num="88" type="method" name="indexSearch" visibility="public" complexity="5" crap="30" count="0"/>
        <line num="89" type="stmt" count="0"/>
        <line num="90" type="stmt" count="0"/>
        <line num="92" type="stmt" count="0"/>
        <line num="93" type="stmt" count="0"/>
        <line num="95" type="stmt" count="0"/>
        <line num="97" type="stmt" count="0"/>
        <line num="98" type="stmt" count="0"/>
        <line num="99" type="stmt" count="0"/>
        <line num="100" type="stmt" count="0"/>
        <line num="102" type="stmt" count="0"/>
        <line num="103" type="stmt" count="0"/>
        <line num="104" type="stmt" count="0"/>
        <line num="106" type="stmt" count="0"/>
        <line num="107" type="stmt" count="0"/>
        <line num="114" type="method" name="getTranslations" visibility="public" complexity="3" crap="12" count="0"/>
        <line num="115" type="stmt" count="0"/>
        <line num="116" type="stmt" count="0"/>
        <line num="118" type="stmt" count="0"/>
        <line num="119" type="stmt" count="0"/>
        <line num="121" type="stmt" count="0"/>
        <line num="123" type="stmt" count="0"/>
        <line num="124" type="stmt" count="0"/>
        <line num="130" type="method" name="loadTranslations" visibility="protected" complexity="2" crap="6" count="0"/>
        <line num="131" type="stmt" count="0"/>
        <line num="132" type="stmt" count="0"/>
        <line num="134" type="stmt" count="0"/>
        <line num="136" type="stmt" count="0"/>
        <line num="137" type="stmt" count="0"/>
        <line num="138" type="stmt" count="0"/>
        <line num="139" type="stmt" count="0"/>
        <metrics loc="140" ncloc="105" classes="1" methods="6" coveredmethods="0" conditionals="0" coveredconditionals="0" statements="56" coveredstatements="0" elements="62" coveredelements="0"/>
      </file>
    </package>
    <package name="MenaraSolutions\Geographer\Services">
      <file name="/Users/duster/repos/geographer/src/Services/DefaultManager.php">
        <class name="DefaultManager" namespace="MenaraSolutions\Geographer\Services" fullPackage="MenaraSolutions" package="MenaraSolutions">
          <metrics complexity="22" methods="18" coveredmethods="13" conditionals="0" coveredconditionals="0" statements="33" coveredstatements="23" elements="51" coveredelements="36"/>
        </class>
        <line num="69" type="method" name="__construct" visibility="public" complexity="4" crap="4" count="20"/>
        <line num="71" type="stmt" count="20"/>
        <line num="72" type="stmt" count="20"/>
        <line num="73" type="stmt" count="20"/>
        <line num="74" type="stmt" count="20"/>
        <line num="79" type="method" name="getDefaultPrefix" visibility="public" complexity="1" crap="1" count="20"/>
        <line num="81" type="stmt" count="20"/>
        <line num="87" type="method" name="getStoragePath" visibility="public" complexity="1" crap="2" count="0"/>
        <line num="89" type="stmt" count="0"/>
        <line num="96" type="method" name="setStoragePath" visibility="public" complexity="1" crap="2" count="0"/>
        <line num="98" type="stmt" count="0"/>
        <line num="100" type="stmt" count="0"/>
        <line num="106" type="method" name="getTranslator" visibility="public" complexity="2" crap="2" count="16"/>
        <line num="108" type="stmt" count="16"/>
        <line num="110" type="stmt" count="16"/>
        <line num="117" type="method" name="setTranslator" visibility="public" complexity="1" crap="2" count="0"/>
        <line num="119" type="stmt" count="0"/>
        <line num="121" type="stmt" count="0"/>
        <line num="127" type="method" name="getRepository" visibility="public" complexity="1" crap="1" count="20"/>
        <line num="129" type="stmt" count="20"/>
        <line num="136" type="method" name="setRepository" visibility="public" complexity="1" crap="2" count="0"/>
        <line num="138" type="stmt" count="0"/>
        <line num="139" type="stmt" count="0"/>
        <line num="141" type="stmt" count="0"/>
        <line num="148" type="method" name="setLocale" visibility="public" complexity="1" crap="1" count="4"/>
        <line num="150" type="stmt" count="4"/>
        <line num="152" type="stmt" count="4"/>
        <line num="159" type="method" name="setForm" visibility="public" complexity="1" crap="1" count="3"/>
        <line num="161" type="stmt" count="3"/>
        <line num="163" type="stmt" count="3"/>
        <line num="169" type="method" name="getLocale" visibility="public" complexity="1" crap="1" count="16"/>
        <line num="171" type="stmt" count="16"/>
        <line num="177" type="method" name="useLongNames" visibility="public" complexity="1" crap="1" count="3"/>
        <line num="179" type="stmt" count="3"/>
        <line num="181" type="stmt" count="3"/>
        <line num="187" type="method" name="useShortNames" visibility="public" complexity="1" crap="1" count="15"/>
        <line num="189" type="stmt" count="15"/>
        <line num="191" type="stmt" count="15"/>
        <line num="197" type="method" name="includePrepositions" visibility="public" complexity="1" crap="1" count="1"/>
        <line num="199" type="stmt" count="1"/>
        <line num="201" type="stmt" count="1"/>
        <line num="207" type="method" name="excludePrepositions" visibility="public" complexity="1" crap="1" count="1"/>
        <line num="209" type="stmt" count="1"/>
        <line num="211" type="stmt" count="1"/>
        <line num="217" type="method" name="expectsLongNames" visibility="public" complexity="1" crap="1" count="16"/>
        <line num="219" type="stmt" count="16"/>
        <line num="225" type="method" name="getStandard" visibility="public" complexity="1" crap="1" count="17"/>
        <line num="227" type="stmt" count="17"/>
        <line num="234" type="method" name="setStandard" visibility="public" complexity="1" crap="2" count="0"/>
        <line num="236" type="stmt" count="0"/>
        <line num="238" type="stmt" count="0"/>
        <metrics loc="240" ncloc="146" classes="1" methods="18" coveredmethods="13" conditionals="0" coveredconditionals="0" statements="33" coveredstatements="23" elements="51" coveredelements="36"/>
      </file>
      <file name="/Users/duster/repos/geographer/src/Services/TranslationAgency.php">
        <class name="TranslationAgency" namespace="MenaraSolutions\Geographer\Services" fullPackage="MenaraSolutions" package="MenaraSolutions">
          <metrics complexity="11" methods="9" coveredmethods="6" conditionals="0" coveredconditionals="0" statements="20" coveredstatements="16" elements="29" coveredelements="22"/>
        </class>
        <line num="95" type="method" name="__construct" visibility="public" complexity="1" crap="1" count="20"/>
        <line num="97" type="stmt" count="20"/>
        <line num="98" type="stmt" count="20"/>
        <line num="99" type="stmt" count="20"/>
        <line num="105" type="method" name="setForm" visibility="public" complexity="1" crap="1" count="3"/>
        <line num="107" type="stmt" count="3"/>
        <line num="109" type="stmt" count="3"/>
        <line num="115" type="method" name="includePrepositions" visibility="public" complexity="1" crap="1" count="16"/>
        <line num="117" type="stmt" count="16"/>
        <line num="119" type="stmt" count="16"/>
        <line num="125" type="method" name="excludePrepositions" visibility="public" complexity="1" crap="1" count="1"/>
        <line num="127" type="stmt" count="1"/>
        <line num="129" type="stmt" count="1"/>
        <line num="137" type="method" name="translate" visibility="public" complexity="1" crap="1" count="16"/>
        <line num="139" type="stmt" count="16"/>
        <line num="141" type="stmt" count="16"/>
        <line num="149" type="method" name="getTranslator" visibility="public" complexity="3" crap="3.07" count="16"/>
        <line num="151" type="stmt" count="16"/>
        <line num="152" type="stmt" count="0"/>
        <line num="155" type="stmt" count="16"/>
        <line num="156" type="stmt" count="16"/>
        <line num="159" type="stmt" count="16"/>
        <line num="165" type="method" name="getRepository" visibility="public" complexity="1" crap="1" count="4"/>
        <line num="167" type="stmt" count="4"/>
        <line num="174" type="method" name="setRepository" visibility="public" complexity="1" crap="2" count="0"/>
        <line num="176" type="stmt" count="0"/>
        <line num="178" type="stmt" count="0"/>
        <line num="184" type="method" name="getSupportedLanguages" visibility="public" complexity="1" crap="2" count="0"/>
        <line num="186" type="stmt" count="0"/>
        <metrics loc="188" ncloc="120" classes="1" methods="9" coveredmethods="6" conditionals="0" coveredconditionals="0" statements="20" coveredstatements="16" elements="29" coveredelements="22"/>
      </file>
    </package>
    <package name="MenaraSolutions\Geographer\Services\Poliglottas">
      <file name="/Users/duster/repos/geographer/src/Services/Poliglottas/Base.php">
        <class name="Base" namespace="MenaraSolutions\Geographer\Services\Poliglottas" fullPackage="App" package="App">
          <metrics complexity="22" methods="8" coveredmethods="4" conditionals="0" coveredconditionals="0" statements="27" coveredstatements="23" elements="35" coveredelements="27"/>
        </class>
        <line num="45" type="method" name="__construct" visibility="public" complexity="1" crap="1" count="4"/>
        <line num="47" type="stmt" count="4"/>
        <line num="48" type="stmt" count="4"/>
        <line num="57" type="method" name="translate" visibility="public" complexity="8" crap="8.05" count="4"/>
        <line num="59" type="stmt" count="4"/>
        <line num="60" type="stmt" count="0"/>
        <line num="63" type="stmt" count="4"/>
        <line num="64" type="stmt" count="4"/>
        <line num="66" type="stmt" count="4"/>
        <line num="67" type="stmt" count="3"/>
        <line num="69" type="stmt" count="3"/>
        <line num="70" type="stmt" count="3"/>
        <line num="72" type="stmt" count="3"/>
        <line num="73" type="stmt" count="3"/>
        <line num="75" type="stmt" count="3"/>
        <line num="82" type="method" name="fromDictionary" visibility="protected" complexity="2" crap="2" count="4"/>
        <line num="84" type="stmt" count="4"/>
        <line num="86" type="stmt" count="4"/>
        <line num="94" type="method" name="inflictDefault" visibility="protected" complexity="1" crap="1" count="3"/>
        <line num="96" type="stmt" count="3"/>
        <line num="103" type="method" name="inflictIn" visibility="protected" complexity="1" crap="2" count="0"/>
        <line num="105" type="stmt" count="0"/>
        <line num="112" type="method" name="inflictFrom" visibility="protected" complexity="1" crap="2" count="0"/>
        <line num="114" type="stmt" count="0"/>
        <line num="122" type="method" name="getPreposition" visibility="protected" complexity="1" crap="2" count="0"/>
        <line num="124" type="stmt" count="0"/>
        <line num="134" type="method" name="extract" visibility="protected" complexity="7" crap="7" count="4"/>
        <line num="136" type="stmt" count="4"/>
        <line num="137" type="stmt" count="4"/>
        <line num="139" type="stmt" count="4"/>
        <line num="141" type="stmt" count="4"/>
        <line num="142" type="stmt" count="3"/>
        <line num="145" type="stmt" count="4"/>
        <line num="146" type="stmt" count="3"/>
        <line num="149" type="stmt" count="4"/>
        <metrics loc="151" ncloc="95" classes="1" methods="8" coveredmethods="4" conditionals="0" coveredconditionals="0" statements="27" coveredstatements="23" elements="35" coveredelements="27"/>
      </file>
      <file name="/Users/duster/repos/geographer/src/Services/Poliglottas/English.php">
        <class name="English" namespace="MenaraSolutions\Geographer\Services\Poliglottas" fullPackage="MenaraSolutions" package="MenaraSolutions">
          <metrics complexity="10" methods="3" coveredmethods="2" conditionals="0" coveredconditionals="0" statements="8" coveredstatements="6" elements="11" coveredelements="8"/>
        </class>
        <line num="32" type="method" name="getLongName" visibility="private" complexity="2" crap="2" count="3"/>
        <line num="34" type="stmt" count="3"/>
        <line num="41" type="method" name="getShortName" visibility="private" complexity="2" crap="2" count="12"/>
        <line num="43" type="stmt" count="12"/>
        <line num="53" type="method" name="translate" visibility="public" complexity="6" crap="7.33" count="13"/>
        <line num="55" type="stmt" count="13"/>
        <line num="56" type="stmt" count="0"/>
        <line num="59" type="stmt" count="13"/>
        <line num="61" type="stmt" count="13"/>
        <line num="62" type="stmt" count="0"/>
        <line num="65" type="stmt" count="13"/>
        <metrics loc="67" ncloc="42" classes="1" methods="3" coveredmethods="2" conditionals="0" coveredconditionals="0" statements="8" coveredstatements="6" elements="11" coveredelements="8"/>
      </file>
      <file name="/Users/duster/repos/geographer/src/Services/Poliglottas/French.php">
        <class name="French" namespace="MenaraSolutions\Geographer\Services\Poliglottas" fullPackage="MenaraSolutions" package="MenaraSolutions">
          <metrics complexity="0" methods="0" coveredmethods="0" conditionals="0" coveredconditionals="0" statements="0" coveredstatements="0" elements="0" coveredelements="0"/>
        </class>
        <metrics loc="25" ncloc="15" classes="0" methods="0" coveredmethods="0" conditionals="0" coveredconditionals="0" statements="0" coveredstatements="0" elements="0" coveredelements="0"/>
      </file>
      <file name="/Users/duster/repos/geographer/src/Services/Poliglottas/German.php">
        <class name="German" namespace="MenaraSolutions\Geographer\Services\Poliglottas" fullPackage="MenaraSolutions" package="MenaraSolutions">
          <metrics complexity="0" methods="0" coveredmethods="0" conditionals="0" coveredconditionals="0" statements="0" coveredstatements="0" elements="0" coveredelements="0"/>
        </class>
        <metrics loc="23" ncloc="13" classes="0" methods="0" coveredmethods="0" conditionals="0" coveredconditionals="0" statements="0" coveredstatements="0" elements="0" coveredelements="0"/>
      </file>
      <file name="/Users/duster/repos/geographer/src/Services/Poliglottas/Italian.php">
        <class name="Italian" namespace="MenaraSolutions\Geographer\Services\Poliglottas" fullPackage="MenaraSolutions" package="MenaraSolutions">
          <metrics complexity="0" methods="0" coveredmethods="0" conditionals="0" coveredconditionals="0" statements="0" coveredstatements="0" elements="0" coveredelements="0"/>
        </class>
        <metrics loc="25" ncloc="15" classes="0" methods="0" coveredmethods="0" conditionals="0" coveredconditionals="0" statements="0" coveredstatements="0" elements="0" coveredelements="0"/>
      </file>
      <file name="/Users/duster/repos/geographer/src/Services/Poliglottas/Mandarin.php">
        <class name="Mandarin" namespace="MenaraSolutions\Geographer\Services\Poliglottas" fullPackage="MenaraSolutions" package="MenaraSolutions">
          <metrics complexity="0" methods="0" coveredmethods="0" conditionals="0" coveredconditionals="0" statements="0" coveredstatements="0" elements="0" coveredelements="0"/>
        </class>
        <metrics loc="23" ncloc="13" classes="0" methods="0" coveredmethods="0" conditionals="0" coveredconditionals="0" statements="0" coveredstatements="0" elements="0" coveredelements="0"/>
      </file>
      <file name="/Users/duster/repos/geographer/src/Services/Poliglottas/Russian.php">
        <class name="Russian" namespace="MenaraSolutions\Geographer\Services\Poliglottas" fullPackage="MenaraSolutions" package="MenaraSolutions">
          <metrics complexity="27" methods="10" coveredmethods="10" conditionals="0" coveredconditionals="0" statements="38" coveredstatements="38" elements="48" coveredelements="48"/>
        </class>
        <line num="70" type="method" name="removeLastLetterIfNeeded" visibility="private" complexity="2" crap="2" count="3"/>
        <line num="72" type="stmt" count="3"/>
        <line num="73" type="stmt" count="3"/>
        <line num="75" type="stmt" count="2"/>
        <line num="83" type="method" name="inflictIn" visibility="protected" complexity="3" crap="3" count="3"/>
        <line num="85" type="stmt" count="3"/>
        <line num="87" type="stmt" count="3"/>
        <line num="88" type="stmt" count="1"/>
        <line num="91" type="stmt" count="3"/>
        <line num="92" type="stmt" count="3"/>
        <line num="95" type="stmt" count="3"/>
        <line num="102" type="method" name="inflictFrom" visibility="protected" complexity="3" crap="3" count="1"/>
        <line num="104" type="stmt" count="1"/>
        <line num="106" type="stmt" count="1"/>
        <line num="107" type="stmt" count="1"/>
        <line num="110" type="stmt" count="1"/>
        <line num="111" type="stmt" count="1"/>
        <line num="114" type="stmt" count="1"/>
        <line num="121" type="method" name="attemptToInflictFirstWordIn" visibility="private" complexity="5" crap="5" count="1"/>
        <line num="123" type="stmt" count="1"/>
        <line num="125" type="stmt" count="1"/>
        <line num="126" type="stmt" count="1"/>
        <line num="129" type="stmt" count="1"/>
        <line num="130" type="stmt" count="1"/>
        <line num="131" type="stmt" count="1"/>
        <line num="133" type="stmt" count="1"/>
        <line num="140" type="method" name="attemptToInflictFirstWordFrom" visibility="private" complexity="5" crap="5" count="1"/>
        <line num="142" type="stmt" count="1"/>
        <line num="144" type="stmt" count="1"/>
        <line num="145" type="stmt" count="1"/>
        <line num="148" type="stmt" count="1"/>
        <line num="149" type="stmt" count="1"/>
        <line num="150" type="stmt" count="1"/>
        <line num="152" type="stmt" count="1"/>
        <line num="159" type="method" name="isTwoWords" visibility="private" complexity="1" crap="1" count="3"/>
        <line num="161" type="stmt" count="3"/>
        <line num="169" type="method" name="getLastLetter" visibility="private" complexity="1" crap="1" count="3"/>
        <line num="171" type="stmt" count="3"/>
        <line num="179" type="method" name="removeLastLetter" visibility="private" complexity="1" crap="1" count="3"/>
        <line num="181" type="stmt" count="3"/>
        <line num="189" type="method" name="getPreposition" visibility="protected" complexity="5" crap="5" count="3"/>
        <line num="191" type="stmt" count="3"/>
        <line num="193" type="stmt" count="3"/>
        <line num="194" type="stmt" count="3"/>
        <line num="195" type="stmt" count="1"/>
        <line num="198" type="stmt" count="3"/>
        <line num="205" type="method" name="isVowel" visibility="private" complexity="1" crap="1" count="2"/>
        <line num="207" type="stmt" count="2"/>
        <metrics loc="209" ncloc="144" classes="1" methods="10" coveredmethods="10" conditionals="0" coveredconditionals="0" statements="38" coveredstatements="38" elements="48" coveredelements="48"/>
      </file>
      <file name="/Users/duster/repos/geographer/src/Services/Poliglottas/Spanish.php">
        <class name="Spanish" namespace="MenaraSolutions\Geographer\Services\Poliglottas" fullPackage="MenaraSolutions" package="MenaraSolutions">
          <metrics complexity="0" methods="0" coveredmethods="0" conditionals="0" coveredconditionals="0" statements="0" coveredstatements="0" elements="0" coveredelements="0"/>
        </class>
        <metrics loc="25" ncloc="15" classes="0" methods="0" coveredmethods="0" conditionals="0" coveredconditionals="0" statements="0" coveredstatements="0" elements="0" coveredelements="0"/>
      </file>
      <file name="/Users/duster/repos/geographer/src/Services/Poliglottas/Ukrainian.php">
        <class name="Ukrainian" namespace="MenaraSolutions\Geographer\Services\Poliglottas" fullPackage="MenaraSolutions" package="MenaraSolutions">
          <metrics complexity="0" methods="0" coveredmethods="0" conditionals="0" coveredconditionals="0" statements="0" coveredstatements="0" elements="0" coveredelements="0"/>
        </class>
        <metrics loc="23" ncloc="13" classes="0" methods="0" coveredmethods="0" conditionals="0" coveredconditionals="0" statements="0" coveredstatements="0" elements="0" coveredelements="0"/>
      </file>
    </package>
    <package name="MenaraSolutions\Geographer\Traits">
      <file name="/Users/duster/repos/geographer/src/Traits/ExposesFields.php">
        <class name="ExposesFields" namespace="MenaraSolutions\Geographer\Traits">
          <metrics complexity="21" methods="6" coveredmethods="3" conditionals="0" coveredconditionals="0" statements="30" coveredstatements="27" elements="36" coveredelements="30"/>
        </class>
        <line num="16" type="method" name="offsetExists" visibility="public" complexity="1" crap="1" count="17"/>
        <line num="18" type="stmt" count="17"/>
        <line num="25" type="method" name="offsetGet" visibility="public" complexity="2" crap="2.15" count="17"/>
        <line num="27" type="stmt" count="17"/>
        <line num="28" type="stmt" count="17"/>
        <line num="30" type="stmt" count="0"/>
        <line num="54" type="method" name="toArray" visibility="public" complexity="3" crap="3" count="6"/>
        <line num="56" type="stmt" count="6"/>
        <line num="58" type="stmt" count="6"/>
        <line num="59" type="stmt" count="6"/>
        <line num="61" type="stmt" count="6"/>
        <line num="64" type="stmt" count="6"/>
        <line num="71" type="method" name="extract" visibility="protected" complexity="5" crap="5" count="17"/>
        <line num="73" type="stmt" count="17"/>
        <line num="75" type="stmt" count="17"/>
        <line num="76" type="stmt" count="7"/>
        <line num="79" type="stmt" count="17"/>
        <line num="81" type="stmt" count="17"/>
        <line num="82" type="stmt" count="17"/>
        <line num="83" type="stmt" count="17"/>
        <line num="86" type="stmt" count="17"/>
        <line num="89" type="stmt" count="17"/>
        <line num="98" type="method" name="__call" visibility="public" complexity="3" crap="3.03" count="10"/>
        <line num="100" type="stmt" count="10"/>
        <line num="101" type="stmt" count="7"/>
        <line num="103" type="stmt" count="7"/>
        <line num="106" type="stmt" count="3"/>
        <line num="107" type="stmt" count="3"/>
        <line num="109" type="stmt" count="3"/>
        <line num="112" type="stmt" count="0"/>
        <line num="120" type="method" name="__get" visibility="public" complexity="5" crap="5.20" count="17"/>
        <line num="122" type="stmt" count="17"/>
        <line num="123" type="stmt" count="0"/>
        <line num="126" type="stmt" count="17"/>
        <line num="127" type="stmt" count="7"/>
        <line num="130" type="stmt" count="17"/>
        <metrics loc="131" ncloc="93" classes="1" methods="6" coveredmethods="3" conditionals="0" coveredconditionals="0" statements="30" coveredstatements="27" elements="36" coveredelements="30"/>
      </file>
      <file name="/Users/duster/repos/geographer/src/Traits/HasCollection.php">
        <class name="HasCollection" namespace="MenaraSolutions\Geographer\Traits" fullPackage="MenaraSolutions" package="MenaraSolutions">
          <metrics complexity="2" methods="2" coveredmethods="2" conditionals="0" coveredconditionals="0" statements="2" coveredstatements="2" elements="4" coveredelements="4"/>
        </class>
        <line num="15" type="method" name="find" visibility="public" complexity="1" crap="1" count="1"/>
        <line num="17" type="stmt" count="1"/>
        <line num="24" type="method" name="findOne" visibility="public" complexity="1" crap="1" count="9"/>
        <line num="26" type="stmt" count="9"/>
        <metrics loc="27" ncloc="15" classes="1" methods="2" coveredmethods="2" conditionals="0" coveredconditionals="0" statements="2" coveredstatements="2" elements="4" coveredelements="4"/>
      </file>
      <file name="/Users/duster/repos/geographer/src/Traits/HasManager.php">
        <class name="HasManager" namespace="MenaraSolutions\Geographer\Traits" fullPackage="MenaraSolutions" package="MenaraSolutions">
          <metrics complexity="9" methods="9" coveredmethods="7" conditionals="0" coveredconditionals="0" statements="18" coveredstatements="14" elements="27" coveredelements="21"/>
        </class>
        <line num="16" type="method" name="getManager" visibility="public" complexity="1" crap="2" count="0"/>
        <line num="18" type="stmt" count="0"/>
        <line num="25" type="method" name="setManager" visibility="public" complexity="1" crap="1" count="2"/>
        <line num="27" type="stmt" count="2"/>
        <line num="29" type="stmt" count="2"/>
        <line num="36" type="method" name="setLocale" visibility="public" complexity="1" crap="1" count="4"/>
        <line num="38" type="stmt" count="4"/>
        <line num="40" type="stmt" count="4"/>
        <line num="47" type="method" name="setStandard" visibility="public" complexity="1" crap="2" count="0"/>
        <line num="49" type="stmt" count="0"/>
        <line num="50" type="stmt" count="0"/>
        <line num="52" type="stmt" count="0"/>
        <line num="59" type="method" name="inflict" visibility="public" complexity="1" crap="1" count="3"/>
        <line num="61" type="stmt" count="3"/>
        <line num="63" type="stmt" count="3"/>
        <line num="69" type="method" name="useLongNames" visibility="public" complexity="1" crap="1" count="1"/>
        <line num="71" type="stmt" count="1"/>
        <line num="73" type="stmt" count="1"/>
        <line num="79" type="method" name="useShortNames" visibility="public" complexity="1" crap="1" count="2"/>
        <line num="81" type="stmt" count="2"/>
        <line num="83" type="stmt" count="2"/>
        <line num="89" type="method" name="excludePrepositions" visibility="public" complexity="1" crap="1" count="1"/>
        <line num="91" type="stmt" count="1"/>
        <line num="93" type="stmt" count="1"/>
        <line num="99" type="method" name="includePrepositions" visibility="public" complexity="1" crap="1" count="1"/>
        <line num="101" type="stmt" count="1"/>
        <line num="103" type="stmt" count="1"/>
        <metrics loc="104" ncloc="69" classes="1" methods="9" coveredmethods="7" conditionals="0" coveredconditionals="0" statements="18" coveredstatements="14" elements="27" coveredelements="21"/>
      </file>
    </package>
    <metrics files="33" loc="2710" ncloc="1701" classes="16" methods="133" coveredmethods="94" conditionals="0" coveredconditionals="0" statements="402" coveredstatements="298" elements="535" coveredelements="392"/>
  </project>
</coverage>
