<?xml version="1.0" encoding="UTF-8"?>
<coverage generated="1477479590">
  <project timestamp="1477479590">
    <package name="MenaraSolutions\Geographer">
      <file name="/Users/duster/repos/geographer/src/City.php">
        <class name="City" namespace="MenaraSolutions\Geographer" fullPackage="MenaraSolutions" package="MenaraSolutions">
          <metrics methods="0" coveredmethods="0" conditionals="0" coveredconditionals="0" statements="0" coveredstatements="0" elements="0" coveredelements="0"/>
        </class>
        <metrics loc="32" ncloc="19" classes="1" methods="0" coveredmethods="0" conditionals="0" coveredconditionals="0" statements="0" coveredstatements="0" elements="0" coveredelements="0"/>
      </file>
      <file name="/Users/duster/repos/geographer/src/Country.php">
        <class name="Country" namespace="MenaraSolutions\Geographer" fullPackage="MenaraSolutions" package="MenaraSolutions">
          <metrics methods="2" coveredmethods="2" conditionals="0" coveredconditionals="0" statements="3" coveredstatements="3" elements="5" coveredelements="5"/>
        </class>
        <line num="44" type="method" name="getParentCode" crap="1" count="2"/>
        <line num="46" type="stmt" count="2"/>
        <line num="64" type="method" name="anonymous function" crap="1" count="2"/>
        <line num="65" type="stmt" count="2"/>
        <line num="66" type="stmt" count="2"/>
        <metrics loc="67" ncloc="45" classes="1" methods="2" coveredmethods="2" conditionals="0" coveredconditionals="0" statements="3" coveredstatements="3" elements="5" coveredelements="5"/>
      </file>
      <file name="/Users/duster/repos/geographer/src/Divisible.php">
        <class name="Divisible" namespace="MenaraSolutions\Geographer" fullPackage="App" package="App">
          <metrics methods="12" coveredmethods="8" conditionals="0" coveredconditionals="0" statements="34" coveredstatements="23" elements="46" coveredelements="31"/>
        </class>
        <line num="68" type="method" name="__construct" crap="2" count="2"/>
        <line num="70" type="stmt" count="2"/>
        <line num="71" type="stmt" count="2"/>
        <line num="72" type="stmt" count="2"/>
        <line num="73" type="stmt" count="2"/>
        <line num="78" type="method" name="getMembers" crap="2" count="2"/>
        <line num="80" type="stmt" count="2"/>
        <line num="82" type="stmt" count="2"/>
        <line num="89" type="method" name="loadMembers" crap="3" count="2"/>
        <line num="91" type="stmt" count="2"/>
        <line num="92" type="stmt" count="2"/>
        <line num="95" type="stmt" count="2"/>
        <line num="97" type="stmt" count="2"/>
        <line num="98" type="stmt" count="2"/>
        <line num="99" type="stmt" count="2"/>
        <line num="102" type="stmt" count="2"/>
        <line num="103" type="stmt" count="2"/>
        <line num="111" type="method" name="getName" crap="3" count="2"/>
        <line num="113" type="stmt" count="2"/>
        <line num="115" type="stmt" count="2"/>
        <line num="122" type="method" name="getShortName" crap="1" count="2"/>
        <line num="124" type="stmt" count="2"/>
        <line num="126" type="stmt" count="2"/>
        <line num="132" type="method" name="getLongName" crap="2" count="0"/>
        <line num="134" type="stmt" count="0"/>
        <line num="136" type="stmt" count="0"/>
        <line num="142" type="method" name="expectsLongNames" crap="1" count="2"/>
        <line num="144" type="stmt" count="2"/>
        <line num="150" type="method" name="parent" crap="6" count="0"/>
        <line num="152" type="stmt" count="0"/>
        <line num="153" type="stmt" count="0"/>
        <line num="156" type="stmt" count="0"/>
        <line num="162" type="method" name="getMeta" crap="1" count="2"/>
        <line num="164" type="stmt" count="2"/>
        <line num="170" type="method" name="getParentCode" crap="2" count="0"/>
        <line num="172" type="stmt" count="0"/>
        <line num="179" type="method" name="translate" crap="2" count="2"/>
        <line num="181" type="stmt" count="2"/>
        <line num="183" type="stmt" count="2"/>
        <line num="184" type="stmt" count="2"/>
        <line num="192" type="method" name="build" crap="12" count="0"/>
        <line num="194" type="stmt" count="0"/>
        <line num="195" type="stmt" count="0"/>
        <line num="196" type="stmt" count="0"/>
        <line num="197" type="stmt" count="0"/>
        <line num="199" type="stmt" count="0"/>
        <metrics loc="201" ncloc="127" classes="1" methods="12" coveredmethods="8" conditionals="0" coveredconditionals="0" statements="34" coveredstatements="23" elements="46" coveredelements="31"/>
      </file>
      <file name="/Users/duster/repos/geographer/src/Earth.php">
        <class name="Earth" namespace="MenaraSolutions\Geographer">
          <metrics methods="12" coveredmethods="3" conditionals="0" coveredconditionals="0" statements="18" coveredstatements="3" elements="30" coveredelements="6"/>
        </class>
        <line num="30" type="method" name="getCountries" crap="1" count="2"/>
        <line num="32" type="stmt" count="2"/>
        <line num="38" type="method" name="getShortName" crap="2" count="0"/>
        <line num="40" type="stmt" count="0"/>
        <line num="46" type="method" name="getLongName" crap="2" count="0"/>
        <line num="48" type="stmt" count="0"/>
        <line num="54" type="method" name="getCode" crap="1" count="2"/>
        <line num="56" type="stmt" count="2"/>
        <line num="62" type="method" name="getParentCode" crap="1" count="2"/>
        <line num="64" type="stmt" count="2"/>
        <line num="70" type="method" name="getAfrica" crap="2" count="0"/>
        <line num="72" type="stmt" count="0"/>
        <line num="74" type="stmt" count="0"/>
        <line num="80" type="method" name="getNorthAmerica" crap="2" count="0"/>
        <line num="82" type="stmt" count="0"/>
        <line num="84" type="stmt" count="0"/>
        <line num="90" type="method" name="getSouthAmerica" crap="2" count="0"/>
        <line num="92" type="stmt" count="0"/>
        <line num="94" type="stmt" count="0"/>
        <line num="100" type="method" name="getAsia" crap="2" count="0"/>
        <line num="102" type="stmt" count="0"/>
        <line num="104" type="stmt" count="0"/>
        <line num="110" type="method" name="getEurope" crap="2" count="0"/>
        <line num="112" type="stmt" count="0"/>
        <line num="114" type="stmt" count="0"/>
        <line num="120" type="method" name="getOceania" crap="2" count="0"/>
        <line num="122" type="stmt" count="0"/>
        <line num="124" type="stmt" count="0"/>
        <line num="132" type="method" name="anonymous function" crap="2" count="0"/>
        <line num="134" type="stmt" count="0"/>
        <metrics loc="135" ncloc="90" classes="1" methods="12" coveredmethods="3" conditionals="0" coveredconditionals="0" statements="18" coveredstatements="3" elements="30" coveredelements="6"/>
      </file>
      <file name="/Users/duster/repos/geographer/src/State.php">
        <class name="State" namespace="MenaraSolutions\Geographer" fullPackage="MenaraSolutions" package="MenaraSolutions">
          <metrics methods="0" coveredmethods="0" conditionals="0" coveredconditionals="0" statements="0" coveredstatements="0" elements="0" coveredelements="0"/>
        </class>
        <metrics loc="39" ncloc="23" classes="1" methods="0" coveredmethods="0" conditionals="0" coveredconditionals="0" statements="0" coveredstatements="0" elements="0" coveredelements="0"/>
      </file>
    </package>
    <package name="MenaraSolutions\Geographer\Collections">
      <file name="/Users/duster/repos/geographer/src/Collections/MemberCollection.php">
        <class name="MemberCollection" namespace="MenaraSolutions\Geographer\Collections" fullPackage="MenaraSolutions" package="MenaraSolutions">
          <metrics methods="10" coveredmethods="3" conditionals="0" coveredconditionals="0" statements="38" coveredstatements="17" elements="48" coveredelements="20"/>
        </class>
        <line num="34" type="method" name="__construct" crap="1" count="2"/>
        <line num="36" type="stmt" count="2"/>
        <line num="38" type="stmt" count="2"/>
        <line num="39" type="stmt" count="2"/>
        <line num="40" type="stmt" count="2"/>
        <line num="45" type="method" name="toArray" crap="6" count="0"/>
        <line num="47" type="stmt" count="0"/>
        <line num="49" type="stmt" count="0"/>
        <line num="50" type="stmt" count="0"/>
        <line num="53" type="stmt" count="0"/>
        <line num="59" type="method" name="first" crap="2" count="0"/>
        <line num="61" type="stmt" count="0"/>
        <line num="69" type="method" name="get" crap="6" count="0"/>
        <line num="71" type="stmt" count="0"/>
        <line num="73" type="stmt" count="0"/>
        <line num="81" type="method" name="add" crap="1" count="2"/>
        <line num="83" type="stmt" count="2"/>
        <line num="85" type="stmt" count="2"/>
        <line num="94" type="method" name="filter" crap="2.15" count="2"/>
        <line num="96" type="stmt" count="2"/>
        <line num="97" type="stmt" count="2"/>
        <line num="100" type="stmt" count="0"/>
        <line num="108" type="method" name="match" crap="20" count="0"/>
        <line num="110" type="stmt" count="0"/>
        <line num="111" type="stmt" count="0"/>
        <line num="113" type="stmt" count="0"/>
        <line num="114" type="stmt" count="0"/>
        <line num="117" type="stmt" count="0"/>
        <line num="124" type="method" name="find" crap="12" count="0"/>
        <line num="126" type="stmt" count="0"/>
        <line num="128" type="stmt" count="0"/>
        <line num="129" type="stmt" count="0"/>
        <line num="130" type="stmt" count="0"/>
        <line num="134" type="stmt" count="0"/>
        <line num="141" type="method" name="findOne" crap="6" count="0"/>
        <line num="143" type="stmt" count="0"/>
        <line num="144" type="stmt" count="0"/>
        <line num="147" type="stmt" count="0"/>
        <line num="158" type="method" name="sortBy" crap="4" count="1"/>
        <line num="160" type="stmt" count="1"/>
        <line num="162" type="stmt" count="1"/>
        <line num="163" type="stmt" count="1"/>
        <line num="164" type="stmt" count="1"/>
        <line num="167" type="stmt" count="1"/>
        <line num="168" type="stmt" count="1"/>
        <line num="170" type="stmt" count="1"/>
        <line num="171" type="stmt" count="1"/>
        <line num="174" type="stmt" count="1"/>
        <metrics loc="176" ncloc="118" classes="1" methods="10" coveredmethods="3" conditionals="0" coveredconditionals="0" statements="38" coveredstatements="17" elements="48" coveredelements="20"/>
      </file>
    </package>
    <package name="MenaraSolutions\Geographer\Collections\Traits">
      <file name="/Users/duster/repos/geographer/src/Collections/Traits/ImplementsArray.php">
        <class name="ImplementsArray" namespace="MenaraSolutions\Geographer\Collections\Traits" fullPackage="MenaraSolutions" package="MenaraSolutions">
          <metrics methods="8" coveredmethods="2" conditionals="0" coveredconditionals="0" statements="11" coveredstatements="2" elements="19" coveredelements="4"/>
        </class>
        <line num="14" type="method" name="getIterator" crap="1" count="2"/>
        <line num="15" type="stmt" count="2"/>
        <line num="22" type="method" name="offsetExists" crap="2" count="0"/>
        <line num="24" type="stmt" count="0"/>
        <line num="31" type="method" name="offsetGet" crap="2" count="0"/>
        <line num="33" type="stmt" count="0"/>
        <line num="41" type="method" name="offsetSet" crap="2" count="0"/>
        <line num="43" type="stmt" count="0"/>
        <line num="44" type="stmt" count="0"/>
        <line num="50" type="method" name="offsetUnset" crap="2" count="0"/>
        <line num="52" type="stmt" count="0"/>
        <line num="53" type="stmt" count="0"/>
        <line num="58" type="method" name="count" crap="1" count="1"/>
        <line num="60" type="stmt" count="1"/>
        <line num="66" type="method" name="serialize" crap="2" count="0"/>
        <line num="68" type="stmt" count="0"/>
        <line num="74" type="method" name="unserialize" crap="2" count="0"/>
        <line num="76" type="stmt" count="0"/>
        <line num="77" type="stmt" count="0"/>
        <metrics loc="78" ncloc="45" classes="1" methods="8" coveredmethods="2" conditionals="0" coveredconditionals="0" statements="11" coveredstatements="2" elements="19" coveredelements="4"/>
      </file>
    </package>
    <file name="/Users/duster/repos/geographer/src/Contracts/IdentifiableInterface.php">
      <metrics loc="19" ncloc="9" classes="0" methods="0" coveredmethods="0" conditionals="0" coveredconditionals="0" statements="0" coveredstatements="0" elements="0" coveredelements="0"/>
    </file>
    <file name="/Users/duster/repos/geographer/src/Contracts/ManagerInterface.php">
      <metrics loc="83" ncloc="33" classes="0" methods="0" coveredmethods="0" conditionals="0" coveredconditionals="0" statements="0" coveredstatements="0" elements="0" coveredelements="0"/>
    </file>
    <file name="/Users/duster/repos/geographer/src/Contracts/MemberInterface.php">
      <metrics loc="14" ncloc="7" classes="0" methods="0" coveredmethods="0" conditionals="0" coveredconditionals="0" statements="0" coveredstatements="0" elements="0" coveredelements="0"/>
    </file>
    <file name="/Users/duster/repos/geographer/src/Contracts/PoliglottaInterface.php">
      <metrics loc="18" ncloc="8" classes="0" methods="0" coveredmethods="0" conditionals="0" coveredconditionals="0" statements="0" coveredstatements="0" elements="0" coveredelements="0"/>
    </file>
    <file name="/Users/duster/repos/geographer/src/Contracts/RepositoryInterface.php">
      <metrics loc="30" ncloc="11" classes="0" methods="0" coveredmethods="0" conditionals="0" coveredconditionals="0" statements="0" coveredstatements="0" elements="0" coveredelements="0"/>
    </file>
    <file name="/Users/duster/repos/geographer/src/Contracts/TranslationAgencyInterface.php">
      <metrics loc="48" ncloc="19" classes="0" methods="0" coveredmethods="0" conditionals="0" coveredconditionals="0" statements="0" coveredstatements="0" elements="0" coveredelements="0"/>
    </file>
    <package name="MenaraSolutions\Geographer\Exceptions">
      <file name="/Users/duster/repos/geographer/src/Exceptions/FileNotFoundException.php">
        <class name="FileNotFoundException" namespace="MenaraSolutions\Geographer\Exceptions" fullPackage="MenaraSolutions" package="MenaraSolutions">
          <metrics methods="0" coveredmethods="0" conditionals="0" coveredconditionals="0" statements="0" coveredstatements="0" elements="0" coveredelements="0"/>
        </class>
        <metrics loc="11" ncloc="7" classes="1" methods="0" coveredmethods="0" conditionals="0" coveredconditionals="0" statements="0" coveredstatements="0" elements="0" coveredelements="0"/>
      </file>
      <file name="/Users/duster/repos/geographer/src/Exceptions/MisconfigurationException.php">
        <class name="MisconfigurationException" namespace="MenaraSolutions\Geographer\Exceptions" fullPackage="MenaraSolutions" package="MenaraSolutions">
          <metrics methods="0" coveredmethods="0" conditionals="0" coveredconditionals="0" statements="0" coveredstatements="0" elements="0" coveredelements="0"/>
        </class>
        <metrics loc="10" ncloc="6" classes="1" methods="0" coveredmethods="0" conditionals="0" coveredconditionals="0" statements="0" coveredstatements="0" elements="0" coveredelements="0"/>
      </file>
      <file name="/Users/duster/repos/geographer/src/Exceptions/ObjectNotFoundException.php">
        <class name="ObjectNotFoundException" namespace="MenaraSolutions\Geographer\Exceptions" fullPackage="MenaraSolutions" package="MenaraSolutions">
          <metrics methods="0" coveredmethods="0" conditionals="0" coveredconditionals="0" statements="0" coveredstatements="0" elements="0" coveredelements="0"/>
        </class>
        <metrics loc="11" ncloc="7" classes="1" methods="0" coveredmethods="0" conditionals="0" coveredconditionals="0" statements="0" coveredstatements="0" elements="0" coveredelements="0"/>
      </file>
      <file name="/Users/duster/repos/geographer/src/Exceptions/UnknownFieldException.php">
        <class name="UnknownFieldException" namespace="MenaraSolutions\Geographer\Exceptions" fullPackage="MenaraSolutions" package="MenaraSolutions">
          <metrics methods="0" coveredmethods="0" conditionals="0" coveredconditionals="0" statements="0" coveredstatements="0" elements="0" coveredelements="0"/>
        </class>
        <metrics loc="11" ncloc="7" classes="1" methods="0" coveredmethods="0" conditionals="0" coveredconditionals="0" statements="0" coveredstatements="0" elements="0" coveredelements="0"/>
      </file>
    </package>
    <package name="MenaraSolutions\Geographer\Repositories">
      <file name="/Users/duster/repos/geographer/src/Repositories/File.php">
        <class name="File" namespace="MenaraSolutions\Geographer\Repositories">
          <metrics methods="13" coveredmethods="6" conditionals="0" coveredconditionals="0" statements="52" coveredstatements="31" elements="65" coveredelements="37"/>
        </class>
        <line num="58" type="method" name="__construct" crap="2" count="2"/>
        <line num="60" type="stmt" count="2"/>
        <line num="61" type="stmt" count="2"/>
        <line num="62" type="stmt" count="2"/>
        <line num="71" type="method" name="getPath" crap="2" count="2"/>
        <line num="73" type="stmt" count="2"/>
        <line num="75" type="stmt" count="2"/>
        <line num="81" type="method" name="getTranslationsPrefix" crap="1" count="1"/>
        <line num="83" type="stmt" count="1"/>
        <line num="90" type="method" name="setTranslationsPrefix" crap="2" count="0"/>
        <line num="92" type="stmt" count="0"/>
        <line num="94" type="stmt" count="0"/>
        <line num="100" type="method" name="guessTranslationsPrefix" crap="2.15" count="2"/>
        <line num="102" type="stmt" count="2"/>
        <line num="103" type="stmt" count="2"/>
        <line num="106" type="stmt" count="0"/>
        <line num="114" type="method" name="getTranslationsPath" crap="2.09" count="1"/>
        <line num="116" type="stmt" count="1"/>
        <line num="117" type="stmt" count="1"/>
        <line num="118" type="stmt" count="1"/>
        <line num="120" type="stmt" count="1"/>
        <line num="121" type="stmt" count="0"/>
        <line num="122" type="stmt" count="0"/>
        <line num="125" type="stmt" count="1"/>
        <line num="131" type="method" name="setPrefix" crap="2" count="0"/>
        <line num="133" type="stmt" count="0"/>
        <line num="134" type="stmt" count="0"/>
        <line num="141" type="method" name="getData" crap="6.56" count="2"/>
        <line num="143" type="stmt" count="2"/>
        <line num="146" type="stmt" count="2"/>
        <line num="147" type="stmt" count="2"/>
        <line num="149" type="stmt" count="2"/>
        <line num="153" type="stmt" count="2"/>
        <line num="154" type="stmt" count="0"/>
        <line num="155" type="stmt" count="0"/>
        <line num="159" type="stmt" count="2"/>
        <line num="168" type="method" name="getCodeFromIndex" crap="12" count="0"/>
        <line num="170" type="stmt" count="0"/>
        <line num="171" type="stmt" count="0"/>
        <line num="174" type="stmt" count="0"/>
        <line num="176" type="stmt" count="0"/>
        <line num="185" type="method" name="indexSearch" crap="30" count="0"/>
        <line num="187" type="stmt" count="0"/>
        <line num="189" type="stmt" count="0"/>
        <line num="190" type="stmt" count="0"/>
        <line num="192" type="stmt" count="0"/>
        <line num="193" type="stmt" count="0"/>
        <line num="196" type="stmt" count="0"/>
        <line num="197" type="stmt" count="0"/>
        <line num="200" type="stmt" count="0"/>
        <line num="210" type="method" name="loadJson" crap="3" count="2"/>
        <line num="212" type="stmt" count="2"/>
        <line num="213" type="stmt" count="2"/>
        <line num="214" type="stmt" count="2"/>
        <line num="216" type="stmt" count="2"/>
        <line num="224" type="method" name="getTranslations" crap="3" count="1"/>
        <line num="226" type="stmt" count="1"/>
        <line num="227" type="stmt" count="1"/>
        <line num="229" type="stmt" count="1"/>
        <line num="230" type="stmt" count="1"/>
        <line num="237" type="method" name="loadTranslations" crap="2" count="1"/>
        <line num="239" type="stmt" count="1"/>
        <line num="241" type="stmt" count="1"/>
        <line num="242" type="stmt" count="1"/>
        <line num="244" type="stmt" count="1"/>
        <metrics loc="245" ncloc="157" classes="1" methods="13" coveredmethods="6" conditionals="0" coveredconditionals="0" statements="52" coveredstatements="31" elements="65" coveredelements="37"/>
      </file>
      <file name="/Users/duster/repos/geographer/src/Repositories/Memcached.php">
        <class name="Memcached" namespace="MenaraSolutions\Geographer\Repositories">
          <metrics methods="6" coveredmethods="0" conditionals="0" coveredconditionals="0" statements="56" coveredstatements="0" elements="62" coveredelements="0"/>
        </class>
        <line num="29" type="method" name="__construct" crap="12" count="0"/>
        <line num="30" type="stmt" count="0"/>
        <line num="31" type="stmt" count="0"/>
        <line num="33" type="stmt" count="0"/>
        <line num="34" type="stmt" count="0"/>
        <line num="35" type="stmt" count="0"/>
        <line num="37" type="stmt" count="0"/>
        <line num="38" type="stmt" count="0"/>
        <line num="39" type="stmt" count="0"/>
        <line num="40" type="stmt" count="0"/>
        <line num="42" type="stmt" count="0"/>
        <line num="43" type="stmt" count="0"/>
        <line num="50" type="method" name="getData" crap="6" count="0"/>
        <line num="51" type="stmt" count="0"/>
        <line num="52" type="stmt" count="0"/>
        <line num="53" type="stmt" count="0"/>
        <line num="55" type="stmt" count="0"/>
        <line num="56" type="stmt" count="0"/>
        <line num="57" type="stmt" count="0"/>
        <line num="59" type="stmt" count="0"/>
        <line num="60" type="stmt" count="0"/>
        <line num="68" type="method" name="getCodeFromIndex" crap="12" count="0"/>
        <line num="69" type="stmt" count="0"/>
        <line num="70" type="stmt" count="0"/>
        <line num="72" type="stmt" count="0"/>
        <line num="73" type="stmt" count="0"/>
        <line num="74" type="stmt" count="0"/>
        <line num="75" type="stmt" count="0"/>
        <line num="77" type="stmt" count="0"/>
        <line num="79" type="stmt" count="0"/>
        <line num="80" type="stmt" count="0"/>
        <line num="88" type="method" name="indexSearch" crap="30" count="0"/>
        <line num="89" type="stmt" count="0"/>
        <line num="90" type="stmt" count="0"/>
        <line num="92" type="stmt" count="0"/>
        <line num="93" type="stmt" count="0"/>
        <line num="95" type="stmt" count="0"/>
        <line num="97" type="stmt" count="0"/>
        <line num="98" type="stmt" count="0"/>
        <line num="99" type="stmt" count="0"/>
        <line num="100" type="stmt" count="0"/>
        <line num="102" type="stmt" count="0"/>
        <line num="103" type="stmt" count="0"/>
        <line num="104" type="stmt" count="0"/>
        <line num="106" type="stmt" count="0"/>
        <line num="107" type="stmt" count="0"/>
        <line num="114" type="method" name="getTranslations" crap="12" count="0"/>
        <line num="115" type="stmt" count="0"/>
        <line num="116" type="stmt" count="0"/>
        <line num="118" type="stmt" count="0"/>
        <line num="119" type="stmt" count="0"/>
        <line num="121" type="stmt" count="0"/>
        <line num="123" type="stmt" count="0"/>
        <line num="124" type="stmt" count="0"/>
        <line num="130" type="method" name="loadTranslations" crap="6" count="0"/>
        <line num="131" type="stmt" count="0"/>
        <line num="132" type="stmt" count="0"/>
        <line num="134" type="stmt" count="0"/>
        <line num="136" type="stmt" count="0"/>
        <line num="137" type="stmt" count="0"/>
        <line num="138" type="stmt" count="0"/>
        <line num="139" type="stmt" count="0"/>
        <metrics loc="140" ncloc="105" classes="1" methods="6" coveredmethods="0" conditionals="0" coveredconditionals="0" statements="56" coveredstatements="0" elements="62" coveredelements="0"/>
      </file>
    </package>
    <package name="MenaraSolutions\Geographer\Services">
      <file name="/Users/duster/repos/geographer/src/Services/DefaultManager.php">
        <class name="DefaultManager" namespace="MenaraSolutions\Geographer\Services" fullPackage="MenaraSolutions" package="MenaraSolutions">
          <metrics methods="16" coveredmethods="9" conditionals="0" coveredconditionals="0" statements="30" coveredstatements="16" elements="46" coveredelements="25"/>
        </class>
        <line num="57" type="method" name="__construct" crap="4" count="2"/>
        <line num="59" type="stmt" count="2"/>
        <line num="60" type="stmt" count="2"/>
        <line num="61" type="stmt" count="2"/>
        <line num="62" type="stmt" count="2"/>
        <line num="67" type="method" name="getDefaultPrefix" crap="1" count="2"/>
        <line num="69" type="stmt" count="2"/>
        <line num="75" type="method" name="getStoragePath" crap="2" count="0"/>
        <line num="77" type="stmt" count="0"/>
        <line num="84" type="method" name="setStoragePath" crap="2" count="0"/>
        <line num="86" type="stmt" count="0"/>
        <line num="88" type="stmt" count="0"/>
        <line num="94" type="method" name="getTranslator" crap="2" count="2"/>
        <line num="96" type="stmt" count="2"/>
        <line num="98" type="stmt" count="2"/>
        <line num="105" type="method" name="setTranslator" crap="2" count="0"/>
        <line num="107" type="stmt" count="0"/>
        <line num="109" type="stmt" count="0"/>
        <line num="115" type="method" name="getRepository" crap="1" count="2"/>
        <line num="117" type="stmt" count="2"/>
        <line num="124" type="method" name="setRepository" crap="2" count="0"/>
        <line num="126" type="stmt" count="0"/>
        <line num="127" type="stmt" count="0"/>
        <line num="129" type="stmt" count="0"/>
        <line num="136" type="method" name="setLocale" crap="1" count="1"/>
        <line num="138" type="stmt" count="1"/>
        <line num="140" type="stmt" count="1"/>
        <line num="147" type="method" name="setForm" crap="1" count="1"/>
        <line num="149" type="stmt" count="1"/>
        <line num="151" type="stmt" count="1"/>
        <line num="157" type="method" name="getLanguage" crap="1" count="2"/>
        <line num="159" type="stmt" count="2"/>
        <line num="165" type="method" name="useLongNames" crap="2" count="0"/>
        <line num="167" type="stmt" count="0"/>
        <line num="169" type="stmt" count="0"/>
        <line num="175" type="method" name="useShortNames" crap="1" count="2"/>
        <line num="177" type="stmt" count="2"/>
        <line num="179" type="stmt" count="2"/>
        <line num="185" type="method" name="includePrepositions" crap="2" count="0"/>
        <line num="187" type="stmt" count="0"/>
        <line num="189" type="stmt" count="0"/>
        <line num="195" type="method" name="excludePrepositions" crap="2" count="0"/>
        <line num="197" type="stmt" count="0"/>
        <line num="199" type="stmt" count="0"/>
        <line num="205" type="method" name="expectsLongNames" crap="1" count="2"/>
        <line num="207" type="stmt" count="2"/>
        <metrics loc="209" ncloc="128" classes="1" methods="16" coveredmethods="9" conditionals="0" coveredconditionals="0" statements="30" coveredstatements="16" elements="46" coveredelements="25"/>
      </file>
      <file name="/Users/duster/repos/geographer/src/Services/TranslationAgency.php">
        <class name="TranslationAgency" namespace="MenaraSolutions\Geographer\Services" fullPackage="MenaraSolutions" package="MenaraSolutions">
          <metrics methods="9" coveredmethods="5" conditionals="0" coveredconditionals="0" statements="20" coveredstatements="14" elements="29" coveredelements="19"/>
        </class>
        <line num="95" type="method" name="__construct" crap="1" count="2"/>
        <line num="97" type="stmt" count="2"/>
        <line num="98" type="stmt" count="2"/>
        <line num="99" type="stmt" count="2"/>
        <line num="105" type="method" name="setForm" crap="1" count="1"/>
        <line num="107" type="stmt" count="1"/>
        <line num="109" type="stmt" count="1"/>
        <line num="115" type="method" name="includePrepositions" crap="1" count="2"/>
        <line num="117" type="stmt" count="2"/>
        <line num="119" type="stmt" count="2"/>
        <line num="125" type="method" name="excludePrepositions" crap="2" count="0"/>
        <line num="127" type="stmt" count="0"/>
        <line num="129" type="stmt" count="0"/>
        <line num="137" type="method" name="translate" crap="1" count="2"/>
        <line num="139" type="stmt" count="2"/>
        <line num="141" type="stmt" count="2"/>
        <line num="149" type="method" name="getTranslator" crap="3.07" count="2"/>
        <line num="151" type="stmt" count="2"/>
        <line num="152" type="stmt" count="0"/>
        <line num="155" type="stmt" count="2"/>
        <line num="156" type="stmt" count="2"/>
        <line num="159" type="stmt" count="2"/>
        <line num="165" type="method" name="getRepository" crap="1" count="1"/>
        <line num="167" type="stmt" count="1"/>
        <line num="174" type="method" name="setRepository" crap="2" count="0"/>
        <line num="176" type="stmt" count="0"/>
        <line num="178" type="stmt" count="0"/>
        <line num="184" type="method" name="getSupportedLanguages" crap="2" count="0"/>
        <line num="186" type="stmt" count="0"/>
        <metrics loc="188" ncloc="120" classes="1" methods="9" coveredmethods="5" conditionals="0" coveredconditionals="0" statements="20" coveredstatements="14" elements="29" coveredelements="19"/>
      </file>
    </package>
    <package name="MenaraSolutions\Geographer\Services\Poliglottas">
      <file name="/Users/duster/repos/geographer/src/Services/Poliglottas/Base.php">
        <class name="Base" namespace="MenaraSolutions\Geographer\Services\Poliglottas" fullPackage="App" package="App">
          <metrics methods="8" coveredmethods="3" conditionals="0" coveredconditionals="0" statements="27" coveredstatements="22" elements="35" coveredelements="25"/>
        </class>
        <line num="45" type="method" name="__construct" crap="1" count="1"/>
        <line num="47" type="stmt" count="1"/>
        <line num="48" type="stmt" count="1"/>
        <line num="57" type="method" name="translate" crap="8.05" count="1"/>
        <line num="59" type="stmt" count="1"/>
        <line num="60" type="stmt" count="0"/>
        <line num="63" type="stmt" count="1"/>
        <line num="64" type="stmt" count="1"/>
        <line num="66" type="stmt" count="1"/>
        <line num="67" type="stmt" count="1"/>
        <line num="69" type="stmt" count="1"/>
        <line num="70" type="stmt" count="1"/>
        <line num="72" type="stmt" count="1"/>
        <line num="73" type="stmt" count="1"/>
        <line num="75" type="stmt" count="1"/>
        <line num="82" type="method" name="fromDictionary" crap="2" count="1"/>
        <line num="84" type="stmt" count="1"/>
        <line num="86" type="stmt" count="1"/>
        <line num="94" type="method" name="inflictDefault" crap="1" count="1"/>
        <line num="96" type="stmt" count="1"/>
        <line num="103" type="method" name="inflictIn" crap="2" count="0"/>
        <line num="105" type="stmt" count="0"/>
        <line num="112" type="method" name="inflictFrom" crap="2" count="0"/>
        <line num="114" type="stmt" count="0"/>
        <line num="122" type="method" name="getPreposition" crap="2" count="0"/>
        <line num="124" type="stmt" count="0"/>
        <line num="134" type="method" name="extract" crap="7.10" count="1"/>
        <line num="136" type="stmt" count="1"/>
        <line num="137" type="stmt" count="1"/>
        <line num="139" type="stmt" count="1"/>
        <line num="141" type="stmt" count="1"/>
        <line num="142" type="stmt" count="0"/>
        <line num="145" type="stmt" count="1"/>
        <line num="146" type="stmt" count="1"/>
        <line num="149" type="stmt" count="1"/>
        <metrics loc="151" ncloc="95" classes="1" methods="8" coveredmethods="3" conditionals="0" coveredconditionals="0" statements="27" coveredstatements="22" elements="35" coveredelements="25"/>
      </file>
      <file name="/Users/duster/repos/geographer/src/Services/Poliglottas/English.php">
        <class name="English" namespace="MenaraSolutions\Geographer\Services\Poliglottas" fullPackage="MenaraSolutions" package="MenaraSolutions">
          <metrics methods="3" coveredmethods="1" conditionals="0" coveredconditionals="0" statements="8" coveredstatements="5" elements="11" coveredelements="6"/>
        </class>
        <line num="32" type="method" name="getLongName" crap="6" count="0"/>
        <line num="34" type="stmt" count="0"/>
        <line num="41" type="method" name="getShortName" crap="2" count="1"/>
        <line num="43" type="stmt" count="1"/>
        <line num="53" type="method" name="translate" crap="7.33" count="1"/>
        <line num="55" type="stmt" count="1"/>
        <line num="56" type="stmt" count="0"/>
        <line num="59" type="stmt" count="1"/>
        <line num="61" type="stmt" count="1"/>
        <line num="62" type="stmt" count="0"/>
        <line num="65" type="stmt" count="1"/>
        <metrics loc="67" ncloc="42" classes="1" methods="3" coveredmethods="1" conditionals="0" coveredconditionals="0" statements="8" coveredstatements="5" elements="11" coveredelements="6"/>
      </file>
      <file name="/Users/duster/repos/geographer/src/Services/Poliglottas/French.php">
        <class name="French" namespace="MenaraSolutions\Geographer\Services\Poliglottas" fullPackage="MenaraSolutions" package="MenaraSolutions">
          <metrics methods="0" coveredmethods="0" conditionals="0" coveredconditionals="0" statements="0" coveredstatements="0" elements="0" coveredelements="0"/>
        </class>
        <metrics loc="25" ncloc="15" classes="1" methods="0" coveredmethods="0" conditionals="0" coveredconditionals="0" statements="0" coveredstatements="0" elements="0" coveredelements="0"/>
      </file>
      <file name="/Users/duster/repos/geographer/src/Services/Poliglottas/German.php">
        <class name="German" namespace="MenaraSolutions\Geographer\Services\Poliglottas" fullPackage="MenaraSolutions" package="MenaraSolutions">
          <metrics methods="0" coveredmethods="0" conditionals="0" coveredconditionals="0" statements="0" coveredstatements="0" elements="0" coveredelements="0"/>
        </class>
        <metrics loc="23" ncloc="13" classes="1" methods="0" coveredmethods="0" conditionals="0" coveredconditionals="0" statements="0" coveredstatements="0" elements="0" coveredelements="0"/>
      </file>
      <file name="/Users/duster/repos/geographer/src/Services/Poliglottas/Italian.php">
        <class name="Italian" namespace="MenaraSolutions\Geographer\Services\Poliglottas" fullPackage="MenaraSolutions" package="MenaraSolutions">
          <metrics methods="0" coveredmethods="0" conditionals="0" coveredconditionals="0" statements="0" coveredstatements="0" elements="0" coveredelements="0"/>
        </class>
        <metrics loc="25" ncloc="15" classes="1" methods="0" coveredmethods="0" conditionals="0" coveredconditionals="0" statements="0" coveredstatements="0" elements="0" coveredelements="0"/>
      </file>
      <file name="/Users/duster/repos/geographer/src/Services/Poliglottas/Mandarin.php">
        <class name="Mandarin" namespace="MenaraSolutions\Geographer\Services\Poliglottas" fullPackage="MenaraSolutions" package="MenaraSolutions">
          <metrics methods="0" coveredmethods="0" conditionals="0" coveredconditionals="0" statements="0" coveredstatements="0" elements="0" coveredelements="0"/>
        </class>
        <metrics loc="23" ncloc="13" classes="1" methods="0" coveredmethods="0" conditionals="0" coveredconditionals="0" statements="0" coveredstatements="0" elements="0" coveredelements="0"/>
      </file>
      <file name="/Users/duster/repos/geographer/src/Services/Poliglottas/Russian.php">
        <class name="Russian" namespace="MenaraSolutions\Geographer\Services\Poliglottas" fullPackage="MenaraSolutions" package="MenaraSolutions">
          <metrics methods="10" coveredmethods="6" conditionals="0" coveredconditionals="0" statements="36" coveredstatements="22" elements="46" coveredelements="28"/>
        </class>
        <line num="70" type="method" name="removeLastLetterIfNeeded" crap="2" count="1"/>
        <line num="72" type="stmt" count="1"/>
        <line num="73" type="stmt" count="1"/>
        <line num="75" type="stmt" count="1"/>
        <line num="83" type="method" name="inflictIn" crap="12" count="0"/>
        <line num="85" type="stmt" count="0"/>
        <line num="87" type="stmt" count="0"/>
        <line num="88" type="stmt" count="0"/>
        <line num="91" type="stmt" count="0"/>
        <line num="92" type="stmt" count="0"/>
        <line num="95" type="stmt" count="0"/>
        <line num="102" type="method" name="inflictFrom" crap="3" count="1"/>
        <line num="104" type="stmt" count="1"/>
        <line num="106" type="stmt" count="1"/>
        <line num="107" type="stmt" count="1"/>
        <line num="110" type="stmt" count="1"/>
        <line num="111" type="stmt" count="1"/>
        <line num="114" type="stmt" count="1"/>
        <line num="121" type="method" name="attemptToInflictFirstWordIn" crap="20" count="0"/>
        <line num="123" type="stmt" count="0"/>
        <line num="125" type="stmt" count="0"/>
        <line num="126" type="stmt" count="0"/>
        <line num="129" type="stmt" count="0"/>
        <line num="130" type="stmt" count="0"/>
        <line num="132" type="stmt" count="0"/>
        <line num="139" type="method" name="attemptToInflictFirstWordFrom" crap="4" count="1"/>
        <line num="141" type="stmt" count="1"/>
        <line num="143" type="stmt" count="1"/>
        <line num="144" type="stmt" count="1"/>
        <line num="147" type="stmt" count="1"/>
        <line num="148" type="stmt" count="1"/>
        <line num="150" type="stmt" count="1"/>
        <line num="157" type="method" name="isTwoWords" crap="1" count="1"/>
        <line num="159" type="stmt" count="1"/>
        <line num="167" type="method" name="getLastLetter" crap="1" count="1"/>
        <line num="169" type="stmt" count="1"/>
        <line num="177" type="method" name="removeLastLetter" crap="1" count="1"/>
        <line num="179" type="stmt" count="1"/>
        <line num="187" type="method" name="getPreposition" crap="5.20" count="1"/>
        <line num="189" type="stmt" count="1"/>
        <line num="191" type="stmt" count="1"/>
        <line num="192" type="stmt" count="1"/>
        <line num="193" type="stmt" count="0"/>
        <line num="196" type="stmt" count="1"/>
        <line num="203" type="method" name="isVowel" crap="2" count="0"/>
        <line num="205" type="stmt" count="0"/>
        <metrics loc="207" ncloc="142" classes="1" methods="10" coveredmethods="6" conditionals="0" coveredconditionals="0" statements="36" coveredstatements="22" elements="46" coveredelements="28"/>
      </file>
      <file name="/Users/duster/repos/geographer/src/Services/Poliglottas/Spanish.php">
        <class name="Spanish" namespace="MenaraSolutions\Geographer\Services\Poliglottas" fullPackage="MenaraSolutions" package="MenaraSolutions">
          <metrics methods="0" coveredmethods="0" conditionals="0" coveredconditionals="0" statements="0" coveredstatements="0" elements="0" coveredelements="0"/>
        </class>
        <metrics loc="25" ncloc="15" classes="1" methods="0" coveredmethods="0" conditionals="0" coveredconditionals="0" statements="0" coveredstatements="0" elements="0" coveredelements="0"/>
      </file>
      <file name="/Users/duster/repos/geographer/src/Services/Poliglottas/Ukrainian.php">
        <class name="Ukrainian" namespace="MenaraSolutions\Geographer\Services\Poliglottas" fullPackage="MenaraSolutions" package="MenaraSolutions">
          <metrics methods="0" coveredmethods="0" conditionals="0" coveredconditionals="0" statements="0" coveredstatements="0" elements="0" coveredelements="0"/>
        </class>
        <metrics loc="23" ncloc="13" classes="1" methods="0" coveredmethods="0" conditionals="0" coveredconditionals="0" statements="0" coveredstatements="0" elements="0" coveredelements="0"/>
      </file>
    </package>
    <package name="MenaraSolutions\Geographer\Traits">
      <file name="/Users/duster/repos/geographer/src/Traits/ExposesFields.php">
        <class name="ExposesFields" namespace="MenaraSolutions\Geographer\Traits">
          <metrics methods="4" coveredmethods="2" conditionals="0" coveredconditionals="0" statements="26" coveredstatements="21" elements="30" coveredelements="23"/>
        </class>
        <line num="54" type="method" name="toArray" crap="3" count="2"/>
        <line num="56" type="stmt" count="2"/>
        <line num="58" type="stmt" count="2"/>
        <line num="59" type="stmt" count="2"/>
        <line num="61" type="stmt" count="2"/>
        <line num="64" type="stmt" count="2"/>
        <line num="71" type="method" name="extract" crap="5" count="2"/>
        <line num="73" type="stmt" count="2"/>
        <line num="75" type="stmt" count="2"/>
        <line num="76" type="stmt" count="1"/>
        <line num="79" type="stmt" count="2"/>
        <line num="81" type="stmt" count="2"/>
        <line num="82" type="stmt" count="2"/>
        <line num="83" type="stmt" count="2"/>
        <line num="86" type="stmt" count="2"/>
        <line num="89" type="stmt" count="2"/>
        <line num="98" type="method" name="__call" crap="4.68" count="2"/>
        <line num="100" type="stmt" count="2"/>
        <line num="101" type="stmt" count="2"/>
        <line num="103" type="stmt" count="2"/>
        <line num="106" type="stmt" count="0"/>
        <line num="107" type="stmt" count="0"/>
        <line num="109" type="stmt" count="0"/>
        <line num="112" type="stmt" count="0"/>
        <line num="120" type="method" name="__get" crap="5.20" count="2"/>
        <line num="122" type="stmt" count="2"/>
        <line num="123" type="stmt" count="0"/>
        <line num="126" type="stmt" count="2"/>
        <line num="127" type="stmt" count="2"/>
        <line num="130" type="stmt" count="2"/>
        <metrics loc="131" ncloc="93" classes="1" methods="4" coveredmethods="2" conditionals="0" coveredconditionals="0" statements="26" coveredstatements="21" elements="30" coveredelements="23"/>
      </file>
      <file name="/Users/duster/repos/geographer/src/Traits/HasCollection.php">
        <class name="HasCollection" namespace="MenaraSolutions\Geographer\Traits" fullPackage="MenaraSolutions" package="MenaraSolutions">
          <metrics methods="2" coveredmethods="0" conditionals="0" coveredconditionals="0" statements="2" coveredstatements="0" elements="4" coveredelements="0"/>
        </class>
        <line num="15" type="method" name="find" crap="2" count="0"/>
        <line num="17" type="stmt" count="0"/>
        <line num="24" type="method" name="findOne" crap="2" count="0"/>
        <line num="26" type="stmt" count="0"/>
        <metrics loc="27" ncloc="15" classes="1" methods="2" coveredmethods="0" conditionals="0" coveredconditionals="0" statements="2" coveredstatements="0" elements="4" coveredelements="0"/>
      </file>
      <file name="/Users/duster/repos/geographer/src/Traits/HasManager.php">
        <class name="HasManager" namespace="MenaraSolutions\Geographer\Traits" fullPackage="MenaraSolutions" package="MenaraSolutions">
          <metrics methods="6" coveredmethods="2" conditionals="0" coveredconditionals="0" statements="12" coveredstatements="4" elements="18" coveredelements="6"/>
        </class>
        <line num="15" type="method" name="setLocale" crap="1" count="1"/>
        <line num="17" type="stmt" count="1"/>
        <line num="19" type="stmt" count="1"/>
        <line num="26" type="method" name="inflict" crap="1" count="1"/>
        <line num="28" type="stmt" count="1"/>
        <line num="30" type="stmt" count="1"/>
        <line num="36" type="method" name="useLongNames" crap="2" count="0"/>
        <line num="38" type="stmt" count="0"/>
        <line num="40" type="stmt" count="0"/>
        <line num="46" type="method" name="useShortNames" crap="2" count="0"/>
        <line num="48" type="stmt" count="0"/>
        <line num="50" type="stmt" count="0"/>
        <line num="56" type="method" name="excludePrepositions" crap="2" count="0"/>
        <line num="58" type="stmt" count="0"/>
        <line num="60" type="stmt" count="0"/>
        <line num="66" type="method" name="includePrepositions" crap="2" count="0"/>
        <line num="68" type="stmt" count="0"/>
        <line num="70" type="stmt" count="0"/>
        <metrics loc="71" ncloc="47" classes="1" methods="6" coveredmethods="2" conditionals="0" coveredconditionals="0" statements="12" coveredstatements="4" elements="18" coveredelements="6"/>
      </file>
    </package>
    <metrics files="33" loc="2563" ncloc="1609" classes="27" methods="121" coveredmethods="52" conditionals="0" coveredconditionals="0" statements="373" coveredstatements="183" elements="494" coveredelements="235"/>
  </project>
</coverage>
